Beauty/Android/business/build/intermediates/manifest_merge_blame_file/debug/manifest-merger-blame-debug-report.txt
1<?xml version="1.0" encoding="utf-8"?>
2<manifest xmlns:android="http://schemas.android.com/apk/res/android"
3    package="com.GlamourPromise.Beauty.Business"
4    android:versionCode="6"
5    android:versionName="4.6.019" >
6
7    <uses-sdk
8        android:minSdkVersion="14"
8-->Android\business\AndroidManifest.xml
9        android:targetSdkVersion="17" />
9-->Android\business\AndroidManifest.xml
10
11    <supports-screens
11-->Android\business\AndroidManifest.xml:7:5-12:39
12        android:anyDensity="true"
12-->Android\business\AndroidManifest.xml:8:9-34
13        android:largeScreens="true"
13-->Android\business\AndroidManifest.xml:9:9-36
14        android:normalScreens="true"
14-->Android\business\AndroidManifest.xml:10:9-37
15        android:resizeable="true"
15-->Android\business\AndroidManifest.xml:11:9-34
16        android:smallScreens="true" />
16-->Android\business\AndroidManifest.xml:12:9-36
17    <!-- JPUSH -->
18    <permission
18-->Android\business\AndroidManifest.xml:14:5-16:47
19        android:name="com.GlamourPromise.Beauty.Business.permission.JPUSH_MESSAGE"
19-->Android\business\AndroidManifest.xml:15:9-83
20        android:protectionLevel="signature" />
20-->Android\business\AndroidManifest.xml:16:9-44
21
22    <uses-permission android:name="android.permission.KILL_BACKGROUND_PROCESSES" />
22-->Android\business\AndroidManifest.xml:17:2-80
22-->Android\business\AndroidManifest.xml:17:19-78
23    <uses-permission android:name="com.GlamourPromise.Beauty.Business.permission.JPUSH_MESSAGE" />
23-->Android\business\AndroidManifest.xml:18:5-99
23-->Android\business\AndroidManifest.xml:18:22-96
24    <uses-permission android:name="android.permission.RECEIVE_USER_PRESENT" />
24-->Android\business\AndroidManifest.xml:19:5-79
24-->Android\business\AndroidManifest.xml:19:22-76
25    <uses-permission android:name="android.permission.INTERNET" />
25-->Android\business\AndroidManifest.xml:20:5-67
25-->Android\business\AndroidManifest.xml:20:22-64
26    <uses-permission android:name="android.permission.WAKE_LOCK" />
26-->Android\business\AndroidManifest.xml:21:5-68
26-->Android\business\AndroidManifest.xml:21:22-65
27    <uses-permission android:name="android.permission.READ_PHONE_STATE" />
27-->Android\business\AndroidManifest.xml:22:5-75
27-->Android\business\AndroidManifest.xml:22:22-72
28    <uses-permission android:name="android.permission.REQUEST_INSTALL_PACKAGES" />
28-->Android\business\AndroidManifest.xml:23:5-83
28-->Android\business\AndroidManifest.xml:23:22-80
29    <uses-permission android:name="android.permission.WRITE_EXTERNAL_STORAGE" />
29-->Android\business\AndroidManifest.xml:24:5-81
29-->Android\business\AndroidManifest.xml:24:22-78
30    <uses-permission android:name="android.permission.READ_EXTERNAL_STORAGE" />
30-->Android\business\AndroidManifest.xml:25:5-80
30-->Android\business\AndroidManifest.xml:25:22-77
31    <uses-permission android:name="android.permission.VIBRATE" />
31-->Android\business\AndroidManifest.xml:26:5-66
31-->Android\business\AndroidManifest.xml:26:22-63
32    <uses-permission android:name="android.permission.MOUNT_UNMOUNT_FILESYSTEMS" />
32-->Android\business\AndroidManifest.xml:27:5-28:47
32-->Android\business\AndroidManifest.xml:27:22-81
33    <uses-permission android:name="android.permission.ACCESS_NETWORK_STATE" />
33-->Android\business\AndroidManifest.xml:29:5-79
33-->Android\business\AndroidManifest.xml:29:22-76
34    <uses-permission android:name="android.permission.SYSTEM_ALERT_WINDOW" />
34-->Android\business\AndroidManifest.xml:30:5-78
34-->Android\business\AndroidManifest.xml:30:22-75
35    <uses-permission android:name="android.permission.WRITE_SETTINGS" />
35-->Android\business\AndroidManifest.xml:31:5-32:47
35-->Android\business\AndroidManifest.xml:31:22-70
36    <uses-permission android:name="android.permission.ACCESS_COARSE_LOCATION" />
36-->Android\business\AndroidManifest.xml:33:5-81
36-->Android\business\AndroidManifest.xml:33:22-78
37    <uses-permission android:name="android.permission.ACCESS_WIFI_STATE" />
37-->Android\business\AndroidManifest.xml:34:5-76
37-->Android\business\AndroidManifest.xml:34:22-73
38    <uses-permission android:name="android.permission.READ_LOGS" />
38-->Android\business\AndroidManifest.xml:35:5-36:47
38-->Android\business\AndroidManifest.xml:35:22-65
39    <uses-permission android:name="android.permission.CHANGE_WIFI_STATE" />
39-->Android\business\AndroidManifest.xml:37:5-76
39-->Android\business\AndroidManifest.xml:37:22-73
40    <uses-permission android:name="android.permission.ACCESS_FINE_LOCATION" />
40-->Android\business\AndroidManifest.xml:38:5-79
40-->Android\business\AndroidManifest.xml:38:22-76
41    <uses-permission android:name="android.permission.ACCESS_LOCATION_EXTRA_COMMANDS" />
41-->Android\business\AndroidManifest.xml:39:5-89
41-->Android\business\AndroidManifest.xml:39:22-86
42    <uses-permission android:name="android.permission.CHANGE_NETWORK_STATE" />
42-->Android\business\AndroidManifest.xml:40:5-79
42-->Android\business\AndroidManifest.xml:40:22-76
43    <uses-permission android:name="android.permission.CAMERA" />
43-->Android\business\AndroidManifest.xml:41:5-65
43-->Android\business\AndroidManifest.xml:41:22-62
44    <uses-permission android:name="android.permission.FLASHLIGHT" />
44-->Android\business\AndroidManifest.xml:42:5-69
44-->Android\business\AndroidManifest.xml:42:22-66
45    <uses-permission android:name="android.permission.GET_TASKS" />
45-->Android\business\AndroidManifest.xml:43:5-68
45-->Android\business\AndroidManifest.xml:43:22-65
46
47    <uses-feature android:name="android.hardware.camera" />
47-->Android\business\AndroidManifest.xml:44:5-60
47-->Android\business\AndroidManifest.xml:44:19-57
48    <uses-feature android:name="android.hardware.camera.autofocus" />
48-->Android\business\AndroidManifest.xml:45:5-70
48-->Android\business\AndroidManifest.xml:45:19-67
49
50    <application
50-->Android\business\AndroidManifest.xml:46:5-952:19
51        android:name="com.GlamourPromise.Beauty.application.UserInfoApplication"
51-->Android\business\AndroidManifest.xml:47:9-81
52        android:allowBackup="true"
52-->Android\business\AndroidManifest.xml:48:9-35
53        android:debuggable="true"
54        android:hardwareAccelerated="true"
54-->Android\business\AndroidManifest.xml:49:9-43
55        android:icon="@drawable/ic_launcher"
55-->Android\business\AndroidManifest.xml:50:9-45
56        android:label="@string/app_name"
56-->Android\business\AndroidManifest.xml:51:9-41
57        android:testOnly="true"
58        android:theme="@style/AppTheme"
58-->Android\business\AndroidManifest.xml:52:9-40
59        android:windowSoftInputMode="stateHidden" >
59-->Android\business\AndroidManifest.xml:53:9-50
60        <provider
60-->Android\business\AndroidManifest.xml:54:7-62:18
61            android:name="android.support.v4.content.FileProvider"
61-->Android\business\AndroidManifest.xml:55:11-65
62            android:authorities="com.GlamourPromise.Beauty.Business.fileprovider"
62-->Android\business\AndroidManifest.xml:56:11-80
63            android:exported="false"
63-->Android\business\AndroidManifest.xml:57:11-35
64            android:grantUriPermissions="true" >
64-->Android\business\AndroidManifest.xml:58:11-45
65            <meta-data
65-->Android\business\AndroidManifest.xml:59:8-61:49
66                android:name="android.support.FILE_PROVIDER_PATHS"
66-->Android\business\AndroidManifest.xml:60:12-62
67                android:resource="@xml/file_paths" />
67-->Android\business\AndroidManifest.xml:61:12-46
68        </provider>
69
70        <meta-data
70-->Android\business\AndroidManifest.xml:63:8-65:51
71            android:name="com.baidu.lbsapi.API_KEY"
71-->Android\business\AndroidManifest.xml:64:9-48
72            android:value="gh0w9DxHyGeyPiwgKbuqwUyU" />
72-->Android\business\AndroidManifest.xml:65:9-49
73
74        <activity
74-->Android\business\AndroidManifest.xml:66:9-76:20
75            android:name="com.GlamourPromise.Beauty.Business.SplashActivity"
75-->Android\business\AndroidManifest.xml:67:13-77
76            android:alwaysRetainTaskState="true"
76-->Android\business\AndroidManifest.xml:68:13-49
77            android:label="@string/app_name"
77-->Android\business\AndroidManifest.xml:69:13-45
78            android:screenOrientation="portrait"
78-->Android\business\AndroidManifest.xml:70:13-49
79            android:theme="@android:style/Theme.Holo.Light" >
79-->Android\business\AndroidManifest.xml:71:13-60
80            <intent-filter>
80-->Android\business\AndroidManifest.xml:72:13-75:29
81                <action android:name="android.intent.action.MAIN" />
81-->Android\business\AndroidManifest.xml:73:17-69
81-->Android\business\AndroidManifest.xml:73:25-66
82
83                <category android:name="android.intent.category.LAUNCHER" />
83-->Android\business\AndroidManifest.xml:74:17-77
83-->Android\business\AndroidManifest.xml:74:27-74
84            </intent-filter>
85        </activity>
86        <activity android:name="org.achartengine.GraphicalActivity" />
86-->Android\business\AndroidManifest.xml:77:9-71
86-->Android\business\AndroidManifest.xml:77:19-68
87        <activity
87-->Android\business\AndroidManifest.xml:78:9-82:20
88            android:name="com.GlamourPromise.Beauty.Business.LoginActivity"
88-->Android\business\AndroidManifest.xml:79:13-76
89            android:launchMode="singleTop"
89-->Android\business\AndroidManifest.xml:80:13-43
90            android:screenOrientation="portrait" >
90-->Android\business\AndroidManifest.xml:81:13-49
91        </activity>
92        <activity
92-->Android\business\AndroidManifest.xml:83:9-87:20
93            android:name="com.GlamourPromise.Beauty.Business.HomePageActivity"
93-->Android\business\AndroidManifest.xml:84:13-79
94            android:launchMode="singleTop"
94-->Android\business\AndroidManifest.xml:85:13-43
95            android:screenOrientation="portrait" >
95-->Android\business\AndroidManifest.xml:86:13-49
96        </activity>
97        <activity
97-->Android\business\AndroidManifest.xml:88:10-92:20
98            android:name="com.GlamourPromise.Beauty.Business.CompanySelectActivity"
98-->Android\business\AndroidManifest.xml:89:13-84
99            android:launchMode="singleTop"
99-->Android\business\AndroidManifest.xml:90:13-43
100            android:screenOrientation="portrait" >
100-->Android\business\AndroidManifest.xml:91:13-49
101        </activity>
102        <activity
102-->Android\business\AndroidManifest.xml:93:9-98:20
103            android:name="com.GlamourPromise.Beauty.Business.CustomerActivity"
103-->Android\business\AndroidManifest.xml:94:13-79
104            android:launchMode="singleTop"
104-->Android\business\AndroidManifest.xml:95:13-43
105            android:screenOrientation="portrait"
105-->Android\business\AndroidManifest.xml:96:13-49
106            android:windowSoftInputMode="adjustPan|stateHidden" >
106-->Android\business\AndroidManifest.xml:97:13-64
107        </activity>
108        <activity
108-->Android\business\AndroidManifest.xml:99:9-103:20
109            android:name="com.GlamourPromise.Beauty.Business.RemindListActivity"
109-->Android\business\AndroidManifest.xml:100:13-81
110            android:launchMode="singleTop"
110-->Android\business\AndroidManifest.xml:101:13-43
111            android:screenOrientation="portrait" >
111-->Android\business\AndroidManifest.xml:102:13-49
112        </activity>
113        <activity
113-->Android\business\AndroidManifest.xml:104:9-108:20
114            android:name="com.GlamourPromise.Beauty.Business.AddNewCustomerActivity"
114-->Android\business\AndroidManifest.xml:105:13-85
115            android:launchMode="singleTop"
115-->Android\business\AndroidManifest.xml:106:13-43
116            android:screenOrientation="portrait" >
116-->Android\business\AndroidManifest.xml:107:13-49
117        </activity>
118        <activity
118-->Android\business\AndroidManifest.xml:109:9-113:20
119            android:name="com.GlamourPromise.Beauty.Business.CustomerInfoActivity"
119-->Android\business\AndroidManifest.xml:110:13-83
120            android:launchMode="singleTop"
120-->Android\business\AndroidManifest.xml:111:13-43
121            android:screenOrientation="portrait" >
121-->Android\business\AndroidManifest.xml:112:13-49
122        </activity>
123        <activity
123-->Android\business\AndroidManifest.xml:114:9-117:20
124            android:name="com.GlamourPromise.Beauty.Business.CustomerBasicInfoActivity"
124-->Android\business\AndroidManifest.xml:115:13-88
125            android:launchMode="singleTop" >
125-->Android\business\AndroidManifest.xml:116:13-43
126        </activity>
127        <activity
127-->Android\business\AndroidManifest.xml:118:9-122:20
128            android:name="com.GlamourPromise.Beauty.Business.CustomerDetailActivity"
128-->Android\business\AndroidManifest.xml:119:13-85
129            android:launchMode="singleTop"
129-->Android\business\AndroidManifest.xml:120:13-43
130            android:screenOrientation="portrait" >
130-->Android\business\AndroidManifest.xml:121:13-49
131        </activity>
132        <activity
132-->Android\business\AndroidManifest.xml:123:9-127:20
133            android:name="com.GlamourPromise.Beauty.Business.CustomerRecordActivity"
133-->Android\business\AndroidManifest.xml:124:13-85
134            android:launchMode="singleTop"
134-->Android\business\AndroidManifest.xml:125:13-43
135            android:screenOrientation="portrait" >
135-->Android\business\AndroidManifest.xml:126:13-49
136        </activity>
137        <activity
137-->Android\business\AndroidManifest.xml:128:9-132:20
138            android:name="com.GlamourPromise.Beauty.Business.OrderListActivity"
138-->Android\business\AndroidManifest.xml:129:13-80
139            android:launchMode="singleTop"
139-->Android\business\AndroidManifest.xml:130:13-43
140            android:screenOrientation="portrait" >
140-->Android\business\AndroidManifest.xml:131:13-49
141        </activity>
142        <activity
142-->Android\business\AndroidManifest.xml:133:9-136:20
143            android:name="com.GlamourPromise.Beauty.Business.EditCustomerBasicActivity"
143-->Android\business\AndroidManifest.xml:134:13-88
144            android:screenOrientation="portrait" >
144-->Android\business\AndroidManifest.xml:135:13-49
145        </activity>
146        <activity
146-->Android\business\AndroidManifest.xml:137:9-141:20
147            android:name="com.GlamourPromise.Beauty.Business.EditCustomerDetailActivity"
147-->Android\business\AndroidManifest.xml:138:13-89
148            android:launchMode="singleTop"
148-->Android\business\AndroidManifest.xml:139:13-43
149            android:screenOrientation="portrait" >
149-->Android\business\AndroidManifest.xml:140:13-49
150        </activity>
151        <activity
151-->Android\business\AndroidManifest.xml:142:9-146:20
152            android:name="com.GlamourPromise.Beauty.Business.AddCustomerRecordActivity"
152-->Android\business\AndroidManifest.xml:143:13-88
153            android:launchMode="singleTop"
153-->Android\business\AndroidManifest.xml:144:13-43
154            android:screenOrientation="portrait" >
154-->Android\business\AndroidManifest.xml:145:13-49
155        </activity>
156        <activity
156-->Android\business\AndroidManifest.xml:147:9-151:20
157            android:name="com.GlamourPromise.Beauty.Business.EditCustomerRecordActivity"
157-->Android\business\AndroidManifest.xml:148:13-89
158            android:launchMode="singleTop"
158-->Android\business\AndroidManifest.xml:149:13-43
159            android:screenOrientation="portrait" >
159-->Android\business\AndroidManifest.xml:150:13-49
160        </activity>
161        <activity
161-->Android\business\AndroidManifest.xml:152:9-157:20
162            android:name="com.GlamourPromise.Beauty.Business.AddNewCustomerVocationActivity"
162-->Android\business\AndroidManifest.xml:153:13-93
163            android:launchMode="singleTop"
163-->Android\business\AndroidManifest.xml:154:13-43
164            android:screenOrientation="portrait"
164-->Android\business\AndroidManifest.xml:155:13-49
165            android:windowSoftInputMode="adjustPan" >
165-->Android\business\AndroidManifest.xml:156:13-52
166        </activity>
167        <activity
167-->Android\business\AndroidManifest.xml:158:9-163:20
168            android:name="com.GlamourPromise.Beauty.Business.EditCustomerVocationActivity"
168-->Android\business\AndroidManifest.xml:159:13-91
169            android:launchMode="singleTop"
169-->Android\business\AndroidManifest.xml:160:13-43
170            android:screenOrientation="portrait"
170-->Android\business\AndroidManifest.xml:161:13-49
171            android:windowSoftInputMode="adjustPan" >
171-->Android\business\AndroidManifest.xml:162:13-52
172        </activity>
173        <activity
173-->Android\business\AndroidManifest.xml:164:9-168:20
174            android:name="com.GlamourPromise.Beauty.Business.ServiceActivity"
174-->Android\business\AndroidManifest.xml:165:13-78
175            android:launchMode="singleTop"
175-->Android\business\AndroidManifest.xml:166:13-43
176            android:screenOrientation="portrait" >
176-->Android\business\AndroidManifest.xml:167:13-49
177        </activity>
178        <activity
178-->Android\business\AndroidManifest.xml:169:9-173:20
179            android:name="com.GlamourPromise.Beauty.Business.CommodityCategoryActivity"
179-->Android\business\AndroidManifest.xml:170:13-88
180            android:launchMode="singleTop"
180-->Android\business\AndroidManifest.xml:171:13-43
181            android:screenOrientation="portrait" >
181-->Android\business\AndroidManifest.xml:172:13-49
182        </activity>
183        <activity
183-->Android\business\AndroidManifest.xml:174:9-178:20
184            android:name="com.GlamourPromise.Beauty.Business.OpportunityListActivity"
184-->Android\business\AndroidManifest.xml:175:13-86
185            android:launchMode="singleTop"
185-->Android\business\AndroidManifest.xml:176:13-43
186            android:screenOrientation="portrait" >
186-->Android\business\AndroidManifest.xml:177:13-49
187        </activity>
188        <activity
188-->Android\business\AndroidManifest.xml:179:9-184:20
189            android:name="com.GlamourPromise.Beauty.Business.CommodityListActivity"
189-->Android\business\AndroidManifest.xml:180:13-84
190            android:launchMode="singleTop"
190-->Android\business\AndroidManifest.xml:181:13-43
191            android:screenOrientation="portrait"
191-->Android\business\AndroidManifest.xml:182:13-49
192            android:windowSoftInputMode="adjustPan" >
192-->Android\business\AndroidManifest.xml:183:13-52
193        </activity>
194        <activity
194-->Android\business\AndroidManifest.xml:185:9-189:20
195            android:name="com.GlamourPromise.Beauty.Business.CommodityDetailActivity"
195-->Android\business\AndroidManifest.xml:186:13-86
196            android:launchMode="singleTop"
196-->Android\business\AndroidManifest.xml:187:13-43
197            android:screenOrientation="portrait" >
197-->Android\business\AndroidManifest.xml:188:13-49
198        </activity>
199        <activity
199-->Android\business\AndroidManifest.xml:190:9-194:20
200            android:name="com.GlamourPromise.Beauty.Business.OpportunityDetailActivity"
200-->Android\business\AndroidManifest.xml:191:13-88
201            android:launchMode="singleTop"
201-->Android\business\AndroidManifest.xml:192:13-43
202            android:screenOrientation="portrait" >
202-->Android\business\AndroidManifest.xml:193:13-49
203        </activity>
204        <activity
204-->Android\business\AndroidManifest.xml:195:9-199:20
205            android:name="com.GlamourPromise.Beauty.Business.OpportunityDetailMainActivity"
205-->Android\business\AndroidManifest.xml:196:13-92
206            android:launchMode="singleTop"
206-->Android\business\AndroidManifest.xml:197:13-43
207            android:screenOrientation="portrait" >
207-->Android\business\AndroidManifest.xml:198:13-49
208        </activity>
209        <activity
209-->Android\business\AndroidManifest.xml:200:9-204:20
210            android:name="com.GlamourPromise.Beauty.Business.OpportunityHistoryActivity"
210-->Android\business\AndroidManifest.xml:201:13-89
211            android:launchMode="singleTop"
211-->Android\business\AndroidManifest.xml:202:13-43
212            android:screenOrientation="portrait" >
212-->Android\business\AndroidManifest.xml:203:13-49
213        </activity>
214        <activity
214-->Android\business\AndroidManifest.xml:205:9-209:20
215            android:name="com.GlamourPromise.Beauty.Business.EditOpportunityProgressActivity"
215-->Android\business\AndroidManifest.xml:206:13-94
216            android:launchMode="singleTop"
216-->Android\business\AndroidManifest.xml:207:13-43
217            android:screenOrientation="portrait" >
217-->Android\business\AndroidManifest.xml:208:13-49
218        </activity>
219        <activity
219-->Android\business\AndroidManifest.xml:210:9-214:20
220            android:name="com.GlamourPromise.Beauty.Business.EditProgressHistoryActivity"
220-->Android\business\AndroidManifest.xml:211:13-90
221            android:launchMode="singleTop"
221-->Android\business\AndroidManifest.xml:212:13-43
222            android:screenOrientation="portrait" >
222-->Android\business\AndroidManifest.xml:213:13-49
223        </activity>
224        <activity
224-->Android\business\AndroidManifest.xml:215:9-220:20
225            android:name="com.GlamourPromise.Beauty.Business.ChoosePersonActivity"
225-->Android\business\AndroidManifest.xml:216:13-83
226            android:launchMode="singleTop"
226-->Android\business\AndroidManifest.xml:217:13-43
227            android:screenOrientation="portrait"
227-->Android\business\AndroidManifest.xml:218:13-49
228            android:windowSoftInputMode="adjustPan" >
228-->Android\business\AndroidManifest.xml:219:13-52
229        </activity>
230        <activity
230-->Android\business\AndroidManifest.xml:221:9-225:20
231            android:name="com.GlamourPromise.Beauty.Business.OrderDetailActivity"
231-->Android\business\AndroidManifest.xml:222:13-82
232            android:launchMode="standard"
232-->Android\business\AndroidManifest.xml:223:13-42
233            android:screenOrientation="portrait" >
233-->Android\business\AndroidManifest.xml:224:13-49
234        </activity>
235        <activity
235-->Android\business\AndroidManifest.xml:226:9-230:20
236            android:name="com.GlamourPromise.Beauty.Business.TreatmentDetailActivity"
236-->Android\business\AndroidManifest.xml:227:13-86
237            android:launchMode="singleTop"
237-->Android\business\AndroidManifest.xml:228:13-43
238            android:screenOrientation="portrait" >
238-->Android\business\AndroidManifest.xml:229:13-49
239        </activity>
240        <activity
240-->Android\business\AndroidManifest.xml:231:9-235:20
241            android:name="com.GlamourPromise.Beauty.Business.TreatmentServiceDetailActivity"
241-->Android\business\AndroidManifest.xml:232:13-93
242            android:launchMode="singleTop"
242-->Android\business\AndroidManifest.xml:233:13-43
243            android:screenOrientation="portrait" >
243-->Android\business\AndroidManifest.xml:234:13-49
244        </activity>
245        <activity
245-->Android\business\AndroidManifest.xml:236:9-240:20
246            android:name="com.GlamourPromise.Beauty.Business.TreatmentGroupDetailActivity"
246-->Android\business\AndroidManifest.xml:237:13-91
247            android:launchMode="singleTop"
247-->Android\business\AndroidManifest.xml:238:13-43
248            android:screenOrientation="portrait" >
248-->Android\business\AndroidManifest.xml:239:13-49
249        </activity>
250        <activity
250-->Android\business\AndroidManifest.xml:241:9-245:20
251            android:name="com.GlamourPromise.Beauty.Business.TreatmentTreatmentDetailActivity"
251-->Android\business\AndroidManifest.xml:242:13-95
252            android:launchMode="singleTop"
252-->Android\business\AndroidManifest.xml:243:13-43
253            android:screenOrientation="portrait" >
253-->Android\business\AndroidManifest.xml:244:13-49
254        </activity>
255        <activity
255-->Android\business\AndroidManifest.xml:246:9-250:20
256            android:name="com.GlamourPromise.Beauty.Business.ServiceOrderContactDetailActivity"
256-->Android\business\AndroidManifest.xml:247:13-96
257            android:launchMode="singleTop"
257-->Android\business\AndroidManifest.xml:248:13-43
258            android:screenOrientation="portrait" >
258-->Android\business\AndroidManifest.xml:249:13-49
259        </activity>
260        <activity
260-->Android\business\AndroidManifest.xml:251:9-255:20
261            android:name="com.GlamourPromise.Beauty.Business.EditServiceOrderContactDetailMainActivity"
261-->Android\business\AndroidManifest.xml:252:13-104
262            android:launchMode="singleTop"
262-->Android\business\AndroidManifest.xml:253:13-43
263            android:screenOrientation="portrait" >
263-->Android\business\AndroidManifest.xml:254:13-49
264        </activity>
265        <activity
265-->Android\business\AndroidManifest.xml:256:9-260:20
266            android:name="com.GlamourPromise.Beauty.Business.EditTreatmentTreatmentDetailActivity"
266-->Android\business\AndroidManifest.xml:257:13-99
267            android:launchMode="singleTop"
267-->Android\business\AndroidManifest.xml:258:13-43
268            android:screenOrientation="portrait" >
268-->Android\business\AndroidManifest.xml:259:13-49
269        </activity>
270        <activity
270-->Android\business\AndroidManifest.xml:261:9-265:20
271            android:name="com.GlamourPromise.Beauty.Business.EMarketingActivity"
271-->Android\business\AndroidManifest.xml:262:13-81
272            android:launchMode="singleTop"
272-->Android\business\AndroidManifest.xml:263:13-43
273            android:screenOrientation="portrait" >
273-->Android\business\AndroidManifest.xml:264:13-49
274        </activity>
275        <activity
275-->Android\business\AndroidManifest.xml:266:9-270:20
276            android:name="com.GlamourPromise.Beauty.Business.SendNewEmarketingMessageActivity"
276-->Android\business\AndroidManifest.xml:267:13-95
277            android:launchMode="singleTop"
277-->Android\business\AndroidManifest.xml:268:13-43
278            android:screenOrientation="portrait" >
278-->Android\business\AndroidManifest.xml:269:13-49
279        </activity>
280        <activity
280-->Android\business\AndroidManifest.xml:271:9-275:20
281            android:name="com.GlamourPromise.Beauty.Business.SendMarketingTemplateActivity"
281-->Android\business\AndroidManifest.xml:272:13-92
282            android:launchMode="singleTop"
282-->Android\business\AndroidManifest.xml:273:13-43
283            android:screenOrientation="portrait" >
283-->Android\business\AndroidManifest.xml:274:13-49
284        </activity>
285        <activity
285-->Android\business\AndroidManifest.xml:276:9-280:20
286            android:name="com.GlamourPromise.Beauty.Business.AddMessageTemplateActivity"
286-->Android\business\AndroidManifest.xml:277:13-89
287            android:launchMode="singleTop"
287-->Android\business\AndroidManifest.xml:278:13-43
288            android:screenOrientation="portrait" >
288-->Android\business\AndroidManifest.xml:279:13-49
289        </activity>
290        <activity
290-->Android\business\AndroidManifest.xml:281:9-285:20
291            android:name="com.GlamourPromise.Beauty.Business.EditMessageTemplateActivity"
291-->Android\business\AndroidManifest.xml:282:13-90
292            android:launchMode="singleTop"
292-->Android\business\AndroidManifest.xml:283:13-43
293            android:screenOrientation="portrait" >
293-->Android\business\AndroidManifest.xml:284:13-49
294        </activity>
295        <activity
295-->Android\business\AndroidManifest.xml:286:9-290:20
296            android:name="com.GlamourPromise.Beauty.Business.FlyMessageListActivity"
296-->Android\business\AndroidManifest.xml:287:13-85
297            android:launchMode="singleTop"
297-->Android\business\AndroidManifest.xml:288:13-43
298            android:screenOrientation="portrait" >
298-->Android\business\AndroidManifest.xml:289:13-49
299        </activity>
300        <activity
300-->Android\business\AndroidManifest.xml:291:9-296:20
301            android:name="com.GlamourPromise.Beauty.Business.FlyMessageDetailActivity"
301-->Android\business\AndroidManifest.xml:292:13-87
302            android:launchMode="singleTop"
302-->Android\business\AndroidManifest.xml:293:13-43
303            android:screenOrientation="portrait"
303-->Android\business\AndroidManifest.xml:294:13-49
304            android:windowSoftInputMode="stateHidden|adjustResize" >
304-->Android\business\AndroidManifest.xml:295:13-67
305        </activity>
306        <activity
306-->Android\business\AndroidManifest.xml:297:9-301:20
307            android:name="com.GlamourPromise.Beauty.Business.SettingActivity"
307-->Android\business\AndroidManifest.xml:298:13-78
308            android:launchMode="singleTop"
308-->Android\business\AndroidManifest.xml:299:13-43
309            android:screenOrientation="portrait" >
309-->Android\business\AndroidManifest.xml:300:13-49
310        </activity>
311        <activity
311-->Android\business\AndroidManifest.xml:302:9-306:20
312            android:name="com.GlamourPromise.Beauty.Business.SettingPersonalMessageActivity"
312-->Android\business\AndroidManifest.xml:303:13-93
313            android:launchMode="singleTop"
313-->Android\business\AndroidManifest.xml:304:13-43
314            android:screenOrientation="portrait" >
314-->Android\business\AndroidManifest.xml:305:13-49
315        </activity>
316        <activity
316-->Android\business\AndroidManifest.xml:307:9-311:20
317            android:name="com.GlamourPromise.Beauty.Business.AboutUsActivity"